[    0.000000] Linux version 4.15.0-153-generic (buildd@lgw01-amd64-004) (gcc version 7.5.0 (Ubuntu 7.5.0-3ubuntu1~18.04)) #160-Ubuntu SMP Thu Jul 29 06:54:29 UTC 2021 (Ubuntu 4.15.0-153.160-generic 4.15.18)
[    0.000000] Command line: BOOT_IMAGE=/boot/vmlinuz-4.15.0-153-generic root=LABEL=cloudimg-rootfs ro console=tty1 console=ttyS0
[    0.000000] KERNEL supported cpus:
[    0.000000]   Intel GenuineIntel
[    0.000000]   AMD AuthenticAMD
[    0.000000]   Centaur CentaurHauls
[    0.000000] x86/fpu: x87 FPU will use FXSAVE
[    0.000000] e820: BIOS-provided physical RAM map:
[    0.000000] BIOS-e820: [mem 0x0000000000000000-0x000000000009fbff] usable
[    0.000000] BIOS-e820: [mem 0x000000000009fc00-0x000000000009ffff] reserved
[    0.000000] BIOS-e820: [mem 0x00000000000f0000-0x00000000000fffff] reserved
[    0.000000] BIOS-e820: [mem 0x0000000000100000-0x000000003ffeffff] usable
[    0.000000] BIOS-e820: [mem 0x000000003fff0000-0x000000003fffffff] ACPI data
[    0.000000] BIOS-e820: [mem 0x00000000fec00000-0x00000000fec00fff] reserved
[    0.000000] BIOS-e820: [mem 0x00000000fee00000-0x00000000fee00fff] reserved
[    0.000000] BIOS-e820: [mem 0x00000000fffc0000-0x00000000ffffffff] reserved
[    0.000000] NX (Execute Disable) protection: active
[    0.000000] SMBIOS 2.5 present.
[    0.000000] DMI: innotek GmbH VirtualBox/VirtualBox, BIOS VirtualBox 12/01/2006
[    0.000000] Hypervisor detected: KVM
[    0.000000] e820: last_pfn = 0x3fff0 max_arch_pfn = 0x400000000
[    0.000000] MTRR: Disabled
[    0.000000] x86/PAT: MTRRs disabled, skipping PAT initialization too.
[    0.000000] CPU MTRRs all blank - virtualized system.
[    0.000000] x86/PAT: Configuration [0-7]: WB  WT  UC- UC  WB  WT  UC- UC  
[    0.000000] found SMP MP-table at [mem 0x0009fff0-0x0009ffff]
[    0.000000] Scanning 1 areas for low memory corruption
[    0.000000] RAMDISK: [mem 0x359cd000-0x36cddfff]
[    0.000000] ACPI: Early table checksum verification disabled
[    0.000000] ACPI: RSDP 0x00000000000E0000 000024 (v02 VBOX  )
[    0.000000] ACPI: XSDT 0x000000003FFF0030 00003C (v01 VBOX   VBOXXSDT 00000001 ASL  00000061)
[    0.000000] ACPI: FACP 0x000000003FFF00F0 0000F4 (v04 VBOX   VBOXFACP 00000001 ASL  00000061)
[    0.000000] ACPI: DSDT 0x000000003FFF0470 002325 (v02 VBOX   VBOXBIOS 00000002 INTL 20100528)
[    0.000000] ACPI: FACS 0x000000003FFF0200 000040
[    0.000000] ACPI: FACS 0x000000003FFF0200 000040
[    0.000000] ACPI: APIC 0x000000003FFF0240 00005C (v02 VBOX   VBOXAPIC 00000001 ASL  00000061)
[    0.000000] ACPI: SSDT 0x000000003FFF02A0 0001CC (v01 VBOX   VBOXCPUT 00000002 INTL 20100528)
[    0.000000] ACPI: Reserving FACP table memory at [mem 0x3fff00f0-0x3fff01e3]
[    0.000000] ACPI: Reserving DSDT table memory at [mem 0x3fff0470-0x3fff2794]
[    0.000000] ACPI: Reserving FACS table memory at [mem 0x3fff0200-0x3fff023f]
[    0.000000] ACPI: Reserving FACS table memory at [mem 0x3fff0200-0x3fff023f]
[    0.000000] ACPI: Reserving APIC table memory at [mem 0x3fff0240-0x3fff029b]
[    0.000000] ACPI: Reserving SSDT table memory at [mem 0x3fff02a0-0x3fff046b]
[    0.000000] No NUMA configuration found
[    0.000000] Faking a node at [mem 0x0000000000000000-0x000000003ffeffff]
[    0.000000] NODE_DATA(0) allocated [mem 0x3ffc5000-0x3ffeffff]
[    0.000000] kvm-clock: cpu 0, msr 0:3ff44001, primary cpu clock
[    0.000000] kvm-clock: Using msrs 4b564d01 and 4b564d00
[    0.000000] kvm-clock: using sched offset of 11865981005 cycles
[    0.000000] clocksource: kvm-clock: mask: 0xffffffffffffffff max_cycles: 0x1cd42e4dffb, max_idle_ns: 881590591483 ns
[    0.000000] Zone ranges:
[    0.000000]   DMA      [mem 0x0000000000001000-0x0000000000ffffff]
[    0.000000]   DMA32    [mem 0x0000000001000000-0x000000003ffeffff]
[    0.000000]   Normal   empty
[    0.000000]   Device   empty
[    0.000000] Movable zone start for each node
[    0.000000] Early memory node ranges
[    0.000000]   node   0: [mem 0x0000000000001000-0x000000000009efff]
[    0.000000]   node   0: [mem 0x0000000000100000-0x000000003ffeffff]
[    0.000000] Reserved but unavailable: 104 pages
[    0.000000] Initmem setup node 0 [mem 0x0000000000001000-0x000000003ffeffff]
[    0.000000] ACPI: PM-Timer IO Port: 0x4008
[    0.000000] IOAPIC[0]: apic_id 2, version 32, address 0xfec00000, GSI 0-23
[    0.000000] ACPI: INT_SRC_OVR (bus 0 bus_irq 0 global_irq 2 dfl dfl)
[    0.000000] ACPI: INT_SRC_OVR (bus 0 bus_irq 9 global_irq 9 low level)
[    0.000000] Using ACPI (MADT) for SMP configuration information
[    0.000000] smpboot: Allowing 2 CPUs, 0 hotplug CPUs
[    0.000000] PM: Registered nosave memory: [mem 0x00000000-0x00000fff]
[    0.000000] PM: Registered nosave memory: [mem 0x0009f000-0x0009ffff]
[    0.000000] PM: Registered nosave memory: [mem 0x000a0000-0x000effff]
[    0.000000] PM: Registered nosave memory: [mem 0x000f0000-0x000fffff]
[    0.000000] e820: [mem 0x40000000-0xfebfffff] available for PCI devices
[    0.000000] Booting paravirtualized kernel on KVM
[    0.000000] clocksource: refined-jiffies: mask: 0xffffffff max_cycles: 0xffffffff, max_idle_ns: 7645519600211568 ns
[    0.000000] random: get_random_bytes called from start_kernel+0x99/0x500 with crng_init=0
[    0.000000] setup_percpu: NR_CPUS:8192 nr_cpumask_bits:2 nr_cpu_ids:2 nr_node_ids:1
[    0.000000] percpu: Embedded 45 pages/cpu s147456 r8192 d28672 u1048576
[    0.000000] PV qspinlock hash table entries: 256 (order: 0, 4096 bytes)
[    0.000000] Built 1 zonelists, mobility grouping on.  Total pages: 257913
[    0.000000] Policy zone: DMA32
[    0.000000] Kernel command line: BOOT_IMAGE=/boot/vmlinuz-4.15.0-153-generic root=LABEL=cloudimg-rootfs ro console=tty1 console=ttyS0
[    0.000000] Memory: 982712K/1048120K available (12300K kernel code, 2483K rwdata, 4320K rodata, 2448K init, 2724K bss, 65408K reserved, 0K cma-reserved)
[    0.000000] SLUB: HWalign=64, Order=0-3, MinObjects=0, CPUs=2, Nodes=1
[    0.000000] Kernel/User page tables isolation: enabled
[    0.000000] ftrace: allocating 39460 entries in 155 pages
[    0.004000] Hierarchical RCU implementation.
[    0.004000] 	RCU restricting CPUs from NR_CPUS=8192 to nr_cpu_ids=2.
[    0.004000] 	Tasks RCU enabled.
[    0.004000] RCU: Adjusting geometry for rcu_fanout_leaf=16, nr_cpu_ids=2
[    0.004000] NR_IRQS: 524544, nr_irqs: 440, preallocated irqs: 16
[    0.004000] Console: colour VGA+ 80x25
[    0.004000] console [tty1] enabled
[    0.004000] console [ttyS0] enabled
[    0.004000] ACPI: Core revision 20170831
[    0.004000] ACPI: 2 ACPI AML tables successfully acquired and loaded
[    0.004000] APIC: Switch to symmetric I/O mode setup
[    0.004000] ..TIMER: vector=0x30 apic1=0 pin1=2 apic2=-1 pin2=-1
[    0.004010] tsc: Detected 2294.788 MHz processor
[    0.008020] Calibrating delay loop (skipped) preset value.. 4589.57 BogoMIPS (lpj=9179152)
[    0.012012] pid_max: default: 32768 minimum: 301
[    0.016181] Security Framework initialized
[    0.020016] Yama: becoming mindful.
[    0.024198] AppArmor: AppArmor initialized
[    0.046037] Dentry cache hash table entries: 131072 (order: 8, 1048576 bytes)
[    0.056345] Inode-cache hash table entries: 65536 (order: 7, 524288 bytes)
[    0.060185] Mount-cache hash table entries: 2048 (order: 2, 16384 bytes)
[    0.064164] Mountpoint-cache hash table entries: 2048 (order: 2, 16384 bytes)
[    0.076253] Last level iTLB entries: 4KB 512, 2MB 8, 4MB 8
[    0.080039] Last level dTLB entries: 4KB 512, 2MB 32, 4MB 32, 1GB 0
[    0.084014] Spectre V1 : Mitigation: usercopy/swapgs barriers and __user pointer sanitization
[    0.088014] Spectre V2 : Mitigation: Full generic retpoline
[    0.092011] Spectre V2 : Spectre v2 / SpectreRSB mitigation: Filling RSB on context switch
[    0.096014] Speculative Store Bypass: Vulnerable
[    0.100097] MDS: Mitigation: Clear CPU buffers
[    0.104321] Freeing SMP alternatives memory: 36K
[    0.230154] smpboot: CPU0: Intel(R) Core(TM) i3-2350M CPU @ 2.30GHz (family: 0x6, model: 0x2a, stepping: 0x7)
[    0.233052] Performance Events: unsupported p6 CPU model 42 no PMU driver, software events only.
[    0.236376] Hierarchical SRCU implementation.
[    0.241566] NMI watchdog: Perf event create on CPU 0 failed with -2
[    0.244207] NMI watchdog: Perf NMI watchdog permanently disabled
[    0.249160] smp: Bringing up secondary CPUs ...
[    0.258333] x86: Booting SMP configuration:
[    0.260017] .... node  #0, CPUs:      #1
[    0.004000] kvm-clock: cpu 1, msr 0:3ff44041, secondary cpu clock
[    0.288000] TSC synchronization [CPU#0 -> CPU#1]:
[    0.288000] Measured 1748851 cycles TSC warp between CPUs, turning off TSC clock.
[    0.288000] tsc: Marking TSC unstable due to check_tsc_sync_source failed
[    0.296572] smp: Brought up 1 node, 2 CPUs
[    0.300022] smpboot: Max logical packages: 1
[    0.304018] smpboot: Total of 2 processors activated (9179.15 BogoMIPS)
[    0.317377] devtmpfs: initialized
[    0.320297] x86/mm: Memory block size: 128MB
[    0.325367] evm: security.selinux
[    0.328016] evm: security.SMACK64
[    0.332012] evm: security.SMACK64EXEC
[    0.336015] evm: security.SMACK64TRANSMUTE
[    0.340015] evm: security.SMACK64MMAP
[    0.344018] evm: security.apparmor
[    0.348013] evm: security.ima
[    0.352013] evm: security.capability
[    0.364243] clocksource: jiffies: mask: 0xffffffff max_cycles: 0xffffffff, max_idle_ns: 7645041785100000 ns
[    0.368036] futex hash table entries: 512 (order: 3, 32768 bytes)
[    0.372586] pinctrl core: initialized pinctrl subsystem
[    0.380010] RTC time:  5:14:41, date: 08/14/21
[    0.389499] NET: Registered protocol family 16
[    0.392382] audit: initializing netlink subsys (disabled)
[    0.400139] audit: type=2000 audit(1628918092.972:1): state=initialized audit_enabled=0 res=1
[    0.432031] cpuidle: using governor ladder
[    0.436039] cpuidle: using governor menu
[    0.440102] ACPI: bus type PCI registered
[    0.444068] acpiphp: ACPI Hot Plug PCI Controller Driver version: 0.5
[    0.449881] PCI: Using configuration type 1 for base access
[    0.468438] HugeTLB registered 2.00 MiB page size, pre-allocated 0 pages
[    0.516323] ACPI: Added _OSI(Module Device)
[    0.532027] ACPI: Added _OSI(Processor Device)
[    0.556015] ACPI: Added _OSI(3.0 _SCP Extensions)
[    0.572017] ACPI: Added _OSI(Processor Aggregator Device)
[    0.588016] ACPI: Added _OSI(Linux-Dell-Video)
[    0.600015] ACPI: Added _OSI(Linux-Lenovo-NV-HDMI-Audio)
[    0.612021] ACPI: Added _OSI(Linux-HPI-Hybrid-Graphics)
[    0.633168] ACPI: Executed 1 blocks of module-level executable AML code
[    0.666534] ACPI: Interpreter enabled
[    0.676053] ACPI: (supports S0 S5)
[    0.692015] ACPI: Using IOAPIC for interrupt routing
[    0.712098] PCI: Using host bridge windows from ACPI; if necessary, use "pci=nocrs" and report a bug
[    0.740970] ACPI: Enabled 2 GPEs in block 00 to 07
[    0.788792] ACPI: PCI Root Bridge [PCI0] (domain 0000 [bus 00-ff])
[    0.804032] acpi PNP0A03:00: _OSC: OS supports [ASPM ClockPM Segments MSI]
[    0.826797] acpi PNP0A03:00: _OSC: not requesting OS control; OS requires [ExtendedConfig ASPM ClockPM MSI]
[    0.852045] acpi PNP0A03:00: fail to add MMCONFIG information, can't access extended PCI configuration space under this bridge.
[    0.881886] PCI host bridge to bus 0000:00
[    0.892021] pci_bus 0000:00: root bus resource [io  0x0000-0x0cf7 window]
[    0.912029] pci_bus 0000:00: root bus resource [io  0x0d00-0xffff window]
[    0.932020] pci_bus 0000:00: root bus resource [mem 0x000a0000-0x000bffff window]
[    0.956019] pci_bus 0000:00: root bus resource [mem 0x40000000-0xfdffffff window]
[    0.980024] pci_bus 0000:00: root bus resource [bus 00-ff]
[    1.025933] pci 0000:00:01.1: legacy IDE quirk: reg 0x10: [io  0x01f0-0x01f7]
[    1.048028] pci 0000:00:01.1: legacy IDE quirk: reg 0x14: [io  0x03f6]
[    1.072029] pci 0000:00:01.1: legacy IDE quirk: reg 0x18: [io  0x0170-0x0177]
[    1.104022] pci 0000:00:01.1: legacy IDE quirk: reg 0x1c: [io  0x0376]
[    1.297092] pci 0000:00:07.0: quirk: [io  0x4000-0x403f] claimed by PIIX4 ACPI
[    1.364105] pci 0000:00:07.0: quirk: [io  0x4100-0x410f] claimed by PIIX4 SMB
[    1.492462] ACPI: PCI Interrupt Link [LNKA] (IRQs 5 9 10 *11)
[    1.540317] ACPI: PCI Interrupt Link [LNKB] (IRQs 5 9 *10 11)
[    1.596296] ACPI: PCI Interrupt Link [LNKC] (IRQs 5 *9 10 11)
[    1.656621] ACPI: PCI Interrupt Link [LNKD] (IRQs 5 9 10 *11)
[    1.712639] SCSI subsystem initialized
[    1.764328] pci 0000:00:02.0: vgaarb: setting as boot VGA device
[    1.824042] pci 0000:00:02.0: vgaarb: VGA device added: decodes=io+mem,owns=io+mem,locks=none
[    1.964028] pci 0000:00:02.0: vgaarb: bridge control possible
[    2.040018] vgaarb: loaded
[    2.088198] ACPI: bus type USB registered
[    2.144781] usbcore: registered new interface driver usbfs
[    2.224063] usbcore: registered new interface driver hub
[    2.228061] usbcore: registered new device driver usb
[    2.240696] EDAC MC: Ver: 3.0.0
[    2.260507] PCI: Using ACPI for IRQ routing
[    2.270564] NetLabel: Initializing
[    2.272019] NetLabel:  domain hash size = 128
[    2.276012] NetLabel:  protocols = UNLABELED CIPSOv4 CALIPSO
[    2.280073] NetLabel:  unlabeled traffic allowed by default
[    2.300019] clocksource: Switched to clocksource kvm-clock
[    2.479425] VFS: Disk quotas dquot_6.6.0
[    2.479425] VFS: Dquot-cache hash table entries: 512 (order 0, 4096 bytes)
[    2.479425] AppArmor: AppArmor Filesystem Enabled
[    2.479425] pnp: PnP ACPI init
[    2.479425] pnp: PnP ACPI: found 3 devices
[    2.707511] clocksource: acpi_pm: mask: 0xffffff max_cycles: 0xffffff, max_idle_ns: 2085701024 ns
[    2.709296] NET: Registered protocol family 2
[    2.751712] TCP established hash table entries: 8192 (order: 4, 65536 bytes)
[    2.777905] TCP bind hash table entries: 8192 (order: 5, 131072 bytes)
[    2.795033] TCP: Hash tables configured (established 8192 bind 8192)
[    2.797594] UDP hash table entries: 512 (order: 2, 16384 bytes)
[    2.797594] UDP-Lite hash table entries: 512 (order: 2, 16384 bytes)
[    2.797594] NET: Registered protocol family 1
[    2.797594] pci 0000:00:00.0: Limiting direct PCI/PCI transfers
[    2.797594] pci 0000:00:01.0: Activating ISA DMA hang workarounds
[    2.797594] pci 0000:00:02.0: Video device with shadowed ROM at [mem 0x000c0000-0x000dffff]
[    2.797594] Unpacking initramfs...
[    4.572502] Freeing initrd memory: 19524K
[    4.587698] clocksource: tsc: mask: 0xffffffffffffffff max_cycles: 0x2113f9c2fbd, max_idle_ns: 440795322966 ns
[    4.615821] platform rtc_cmos: registered platform RTC device (no PNP device found)
[    4.640417] Scanning for low memory corruption every 60 seconds
[    4.662959] Initialise system trusted keyrings
[    4.675528] Key type blacklist registered
[    4.690164] workingset: timestamp_bits=36 max_order=18 bucket_order=0
[    4.723462] zbud: loaded
[    4.734925] squashfs: version 4.0 (2009/01/31) Phillip Lougher
[    4.755106] fuse init (API version 7.26)
[    4.820892] Key type asymmetric registered
[    4.835165] Asymmetric key parser 'x509' registered
[    4.853224] Block layer SCSI generic (bsg) driver version 0.4 loaded (major 246)
[    4.878623] io scheduler noop registered
[    4.893897] io scheduler deadline registered
[    4.911748] io scheduler cfq registered (default)
[    4.935233] ACPI: AC Adapter [AC] (on-line)
[    4.952734] input: Power Button as /devices/LNXSYSTM:00/LNXPWRBN:00/input/input0
[    4.985129] ACPI: Power Button [PWRF]
[    5.003722] input: Sleep Button as /devices/LNXSYSTM:00/LNXSLPBN:00/input/input1
[    5.047756] ACPI: Sleep Button [SLPF]
[    5.065680] Serial: 8250/16550 driver, 32 ports, IRQ sharing enabled
[    5.246512] 00:02: ttyS0 at I/O 0x3f8 (irq = 4, base_baud = 115200) is a 16550A
[    5.367165] Linux agpgart interface v0.103
[    5.394202] loop: module loaded
[    5.414464] scsi host0: ata_piix
[    5.435636] scsi host1: ata_piix
[    5.449956] ata1: PATA max UDMA/33 cmd 0x1f0 ctl 0x3f6 bmdma 0xd000 irq 14
[    5.478339] ata2: PATA max UDMA/33 cmd 0x170 ctl 0x376 bmdma 0xd008 irq 15
[    5.505039] libphy: Fixed MDIO Bus: probed
[    5.522333] tun: Universal TUN/TAP device driver, 1.6
[    5.548461] PPP generic driver version 2.4.2
[    5.565053] ehci_hcd: USB 2.0 'Enhanced' Host Controller (EHCI) Driver
[    5.600418] ehci-pci: EHCI PCI platform driver
[    5.623216] ehci-platform: EHCI generic platform driver
[    5.655174] ohci_hcd: USB 1.1 'Open' Host Controller (OHCI) Driver
[    5.808063] ohci-pci: OHCI PCI platform driver
[    5.829965] ohci-platform: OHCI generic platform driver
[    5.856520] uhci_hcd: USB Universal Host Controller Interface driver
[    5.882510] i8042: PNP: PS/2 Controller [PNP0303:PS2K,PNP0f03:PS2M] at 0x60,0x64 irq 1,12
[    5.951480] serio: i8042 KBD port at 0x60,0x64 irq 1
[    5.953379] serio: i8042 AUX port at 0x60,0x64 irq 12
[    6.029663] mousedev: PS/2 mouse device common for all mice
[    6.443020] rtc_cmos rtc_cmos: rtc core: registered rtc_cmos as rtc0
[    6.466192] rtc_cmos rtc_cmos: alarms up to one day, 114 bytes nvram
[    6.483449] input: AT Translated Set 2 keyboard as /devices/platform/i8042/serio0/input/input2
[    6.484411] i2c /dev entries driver
[    6.525383] device-mapper: uevent: version 1.0.3
[    6.541252] device-mapper: ioctl: 4.37.0-ioctl (2017-09-20) initialised: dm-devel@redhat.com
[    6.565184] ledtrig-cpu: registered to indicate activity on CPUs
[    6.588115] NET: Registered protocol family 10
[    6.712500] Segment Routing with IPv6
[    6.737222] NET: Registered protocol family 17
[    6.785099] Key type dns_resolver registered
[    6.822236] mce: Using 0 MCE banks
[    6.849929] RAS: Correctable Errors collector initialized.
[    6.889694] sched_clock: Marking stable (6889484521, 0)->(9245601000, -2356116479)
[    6.942369] registered taskstats version 1
[    6.958292] Loading compiled-in X.509 certificates
[    6.995622] Loaded X.509 cert 'Build time autogenerated kernel key: 697c210032c6abbec5653106d7fd766083a73612'
[    7.039520] Loaded X.509 cert 'Canonical Ltd. Live Patch Signing: 14df34d1a87cf37625abec039ef2bf521249b969'
[    7.103364] Loaded X.509 cert 'Canonical Ltd. Kernel Module Signing: 88f752e560a1e0737e31163a466ad7b70a850c19'
[    7.191185] zswap: loaded using pool lzo/zbud
[    7.271389] Key type big_key registered
[    7.287061] Key type trusted registered
[    7.322321] Key type encrypted registered
[    7.338937] AppArmor: AppArmor sha1 policy hashing enabled
[    7.358675] ima: No TPM chip found, activating TPM-bypass! (rc=-19)
[    7.391103] ima: Allocated hash algorithm: sha1
[    7.415638] evm: HMAC attrs: 0x1
[    7.427626]   Magic number: 1:759:213
[    7.440708] rtc_cmos rtc_cmos: setting system clock to 2021-08-14 05:14:48 UTC (1628918088)
[    7.463932] BIOS EDD facility v0.16 2004-Jun-25, 0 devices found
[    7.479918] EDD information not available.
[    7.500211] Freeing unused kernel image memory: 2448K
[    7.524802] Write protecting the kernel read-only data: 20480k
[    7.540396] Freeing unused kernel image memory: 2008K
[    7.555058] Freeing unused kernel image memory: 1824K
[    7.583141] x86/mm: Checked W+X mappings: passed, no W+X pages found.
[    7.604585] x86/mm: Checking user space page tables
[    7.630681] x86/mm: Checked W+X mappings: passed, no W+X pages found.
Loading, please wait...
starting version 237
[    8.042201] Fusion MPT base driver 3.04.20
[    8.058082] Copyright (c) 1999-2008 LSI Corporation
[    8.220325] e1000: Intel(R) PRO/1000 Network Driver - version 7.3.21-k8-NAPI
[    8.256354] e1000: Copyright (c) 1999-2006 Intel Corporation.
[    8.424952] Fusion MPT SPI Host driver 3.04.20
[    8.686419] input: ImExPS/2 Generic Explorer Mouse as /devices/platform/i8042/serio1/input/input4
[   10.403427] e1000 0000:00:03.0 eth0: (PCI:33MHz:32-bit) 02:bb:09:5e:a9:26
[   10.429652] e1000 0000:00:03.0 eth0: Intel(R) PRO/1000 Network Connection
[   10.460466] e1000 0000:00:03.0 enp0s3: renamed from eth0
[   10.476712] mptbase: ioc0: Initiating bringup
[   10.605316] ioc0: LSI53C1030 A0: Capabilities={Initiator}
[   10.892917] scsi host2: ioc0: LSI53C1030 A0, FwRev=00000000h, Ports=1, MaxQ=256, IRQ=20
[   11.086236] scsi 2:0:0:0: Direct-Access     VBOX     HARDDISK         1.0  PQ: 0 ANSI: 5
[   12.087538] scsi target2:0:0: Beginning Domain Validation
[   12.111061] scsi target2:0:0: Domain Validation skipping write tests
[   12.122638] scsi target2:0:0: Ending Domain Validation
[   12.131955] random: fast init done
[   12.139047] scsi target2:0:0: asynchronous
[   12.149750] scsi 2:0:1:0: Direct-Access     VBOX     HARDDISK         1.0  PQ: 0 ANSI: 5
[   12.932074] scsi target2:0:1: Beginning Domain Validation
[   12.954882] scsi target2:0:1: Domain Validation skipping write tests
[   12.965910] scsi target2:0:1: Ending Domain Validation
[   12.975737] scsi target2:0:1: asynchronous
[   13.003492] random: systemd-udevd: uninitialized urandom read (16 bytes read)
[   13.015665] random: systemd-udevd: uninitialized urandom read (16 bytes read)
[   13.027743] random: systemd-udevd: uninitialized urandom read (16 bytes read)
[   13.041376] sd 2:0:0:0: Attached scsi generic sg0 type 0
[   13.059421] sd 2:0:1:0: Attached scsi generic sg1 type 0
[   13.075710] sd 2:0:0:0: [sda] 83886080 512-byte logical blocks: (42.9 GB/40.0 GiB)
[   13.104699] sd 2:0:0:0: [sda] Write Protect is off
[   13.114677] sd 2:0:1:0: [sdb] 20480 512-byte logical blocks: (10.5 MB/10.0 MiB)
[   13.115961] sd 2:0:1:0: [sdb] Write Protect is off
[   13.147036] sd 2:0:1:0: [sdb] Incomplete mode parameter data
[   13.159447] sd 2:0:1:0: [sdb] Assuming drive cache: write through
[   13.176405] sd 2:0:0:0: [sda] Incomplete mode parameter data
[   13.191540] sd 2:0:0:0: [sda] Assuming drive cache: write through
[   13.193240] sd 2:0:1:0: [sdb] Attached SCSI disk
[   13.231391]  sda: sda1
[   13.244398] sd 2:0:0:0: [sda] Attached SCSI disk
Begin: Loading essential drivers ... [ 1004.726875] INFO: rcu_sched detected stalls on CPUs/tasks:
[ 1004.727730] watchdog: BUG: soft lockup - CPU#1 stuck for 920s! [modprobe:263]
[ 1004.755990] 	1-...!: (1 ticks this GP) idle=9ee/140000000000001/0 softirq=1462/1462 fqs=1 
[ 1004.781613] Modules linked in: raid6_pq(+) libcrc32c raid1 raid0 multipath linear mptspi scsi_transport_spi mptscsih psmouse e1000 mptbase
[ 1004.810645] 	(detected by 0, t=246902 jiffies, g=18, c=17, q=47)
[ 1004.855805] CPU: 1 PID: 263 Comm: modprobe Not tainted 4.15.0-153-generic #160-Ubuntu
[ 1004.879854] Sending NMI from CPU 0 to CPUs 1:
[ 1004.884534] NMI backtrace for cpu 1
[ 1004.884537] CPU: 1 PID: 263 Comm: modprobe Not tainted 4.15.0-153-generic #160-Ubuntu
[ 1004.884538] Hardware name: innotek GmbH VirtualBox/VirtualBox, BIOS VirtualBox 12/01/2006
[ 1004.884539] RIP: 0010:io_serial_out+0x1a/0x20
[ 1004.884540] RSP: 0018:ffff9b203fd03c30 EFLAGS: 00010002
[ 1004.884542] RAX: 000000000000002e RBX: ffffffff8990fe60 RCX: 0000000000000000
[ 1004.884543] RDX: 00000000000003f8 RSI: 0000000000000000 RDI: ffffffff8990fe60
[ 1004.884543] RBP: ffff9b203fd03c30 R08: 0000000000000000 R09: 0000000000000007
[ 1004.884544] R10: 0000000000000000 R11: ffffffff8976380d R12: 000000000000002e
[ 1004.884545] R13: ffffffff89763859 R14: ffffffff89763807 R15: ffffffff8990fe60
[ 1004.884546] FS:  00007fdbcc4e1540(0000) GS:ffff9b203fd00000(0000) knlGS:0000000000000000
[ 1004.884551] CS:  0010 DS: 0000 ES: 0000 CR0: 0000000080050033
[ 1004.884552] CR2: 00007fdbcc4d9924 CR3: 00000000366b2000 CR4: 00000000000006e0
[ 1004.884552] Call Trace:
[ 1004.884553]  <IRQ>
[ 1004.884554]  serial8250_console_putchar+0x2d/0x40
[ 1004.884554]  ? wait_for_xmitr+0xb0/0xb0
[ 1004.884555]  uart_console_write+0x4c/0x60
[ 1004.884556]  serial8250_console_write+0x10a/0x2b0
[ 1004.884556]  ? msg_print_text+0x80/0x100
[ 1004.884557]  univ8250_console_write+0x21/0x30
[ 1004.884558]  console_unlock+0x3cf/0x560
[ 1004.884558]  vprintk_emit+0x134/0x2c0
[ 1004.884559]  vprintk_default+0x29/0x50
[ 1004.884560]  vprintk_func+0x47/0xc0
[ 1004.884560]  printk+0x52/0x6e
[ 1004.884561]  ? vprintk_default+0x29/0x50
[ 1004.884562]  dump_stack_print_info+0x65/0xb0
[ 1004.884563]  show_regs_print_info+0xe/0x10
[ 1004.884563]  show_regs+0x34/0x190
[ 1004.884564]  watchdog_timer_fn+0x1db/0x230
[ 1004.884565]  ? watchdog+0x30/0x30
[ 1004.884565]  __hrtimer_run_queues+0xdf/0x230
[ 1004.884566]  hrtimer_interrupt+0xa0/0x1d0
[ 1004.884567]  smp_apic_timer_interrupt+0x6f/0x140
[ 1004.884568]  apic_timer_interrupt+0x90/0xa0
[ 1004.884569]  </IRQ>
[ 1004.884570] RIP: 0010:raid6_sse21_gen_syndrome+0xce/0x130 [raid6_pq]
[ 1004.884571] RSP: 0018:ffffb846004ffb60 EFLAGS: 00010283 ORIG_RAX: ffffffffffffff11
[ 1004.884573] RAX: ffffb846004ffbe0 RBX: 0000000000001000 RCX: ffffffffc0365600
[ 1004.884574] RDX: 0000000000000a50 RSI: ffffb846004ffc28 RDI: 000000000000000d
[ 1004.884575] RBP: ffffb846004ffb90 R08: ffffb846004ffba8 R09: 0000000000000a50
[ 1004.884576] R10: ffffb846004ffc20 R11: ffffb846004ffc18 R12: ffff9b2036634000
[ 1004.884577] R13: ffff9b2036635000 R14: ffffb846004ffbb0 R15: 0000000000000080
[ 1004.884577]  init_module+0x118/0x1000 [raid6_pq]
[ 1004.884578]  ? 0xffffffffc031d000
[ 1004.884579]  do_one_initcall+0x52/0x1a0
[ 1004.884580]  ? _cond_resched+0x19/0x40
[ 1004.884580]  ? kmem_cache_alloc_trace+0x9f/0x1d0
[ 1004.884581]  ? do_init_module+0x27/0x211
[ 1004.884582]  do_init_module+0x5f/0x211
[ 1004.884583]  load_module+0x1772/0x2000
[ 1004.884583]  ? ima_post_read_file+0x96/0xa0
[ 1004.884584]  SYSC_finit_module+0xfc/0x120
[ 1004.884585]  ? SYSC_finit_module+0xfc/0x120
[ 1004.884586]  SyS_finit_module+0xe/0x10
[ 1004.884587]  do_syscall_64+0x73/0x130
[ 1004.884588]  entry_SYSCALL_64_after_hwframe+0x41/0xa6
[ 1004.884588] RIP: 0033:0x7fdbcbfe4639
[ 1004.884589] RSP: 002b:00007fff9bbc7af8 EFLAGS: 00000246 ORIG_RAX: 0000000000000139
[ 1004.884591] RAX: ffffffffffffffda RBX: 000055f75f278880 RCX: 00007fdbcbfe4639
[ 1004.884592] RDX: 0000000000000000 RSI: 000055f75e6d5cee RDI: 0000000000000004
[ 1004.884593] RBP: 000055f75e6d5cee R08: 0000000000000000 R09: 000055f75f277e00
[ 1004.884594] R10: 0000000000000004 R11: 0000000000000246 R12: 0000000000000000
[ 1004.884595] R13: 000055f75f278830 R14: 0000000000060000 R15: 000055f75f277e00
[ 1004.884595] Code: 55 48 89 e5 d3 e6 01 f2 ec 0f b6 c0 5d c3 0f 1f 00 66 66 66 66 90 0f b6 8f a1 00 00 00 89 d0 8b 57 08 55 48 89 e5 d3 e6 01 f2 ee <5d> c3 0f 1f 40 00 66 66 66 66 90 0f b6 87 a2 00 00 00 55 48 c7 
[ 1004.884622] INFO: NMI handler (nmi_cpu_backtrace_handler) took too long to run: 1.406 msecs
[ 1004.884630] rcu_sched kthread starved for 246900 jiffies! g18 c17 f0x0 RCU_GP_WAIT_FQS(3) ->state=0x402 ->cpu=0
[ 1004.906538] Hardware name: innotek GmbH VirtualBox/VirtualBox, BIOS VirtualBox 12/01/2006
[ 1004.921270] rcu_sched       I    0     8      2 0x80000000
[ 1004.936471] RIP: 0010:raid6_sse21_gen_syndrome+0xce/0x130 [raid6_pq]
[ 1004.966060] Call Trace:
[ 1004.991301] RSP: 0018:ffffb846004ffb60 EFLAGS: 00010283 ORIG_RAX: ffffffffffffff11
[ 1004.991307] RAX: ffffb846004ffbe0 RBX: 0000000000001000 RCX: ffffffffc0365600
[ 1004.991309] RDX: 0000000000000a50 RSI: ffffb846004ffc28 RDI: 000000000000000d
[ 1004.991311] RBP: ffffb846004ffb90 R08: ffffb846004ffba8 R09: 0000000000000a50
[ 1004.991313] R10: ffffb846004ffc20 R11: ffffb846004ffc18 R12: ffff9b2036634000
[ 1004.991314] R13: ffff9b2036635000 R14: ffffb846004ffbb0 R15: 0000000000000080
[ 1004.991318] FS:  00007fdbcc4e1540(0000) GS:ffff9b203fd00000(0000) knlGS:0000000000000000
[ 1004.991320] CS:  0010 DS: 0000 ES: 0000 CR0: 0000000080050033
[ 1004.991322] CR2: 00007fdbcc4d9924 CR3: 00000000366b2000 CR4: 00000000000006e0
[ 1004.991329] Call Trace:
[ 1004.991350]  init_module+0x118/0x1000 [raid6_pq]
[ 1005.008645]  __schedule+0x24e/0x890
[ 1005.025403]  ? 0xffffffffc031d000
[ 1005.046866]  schedule+0x2c/0x80
[ 1005.079544]  do_one_initcall+0x52/0x1a0
[ 1005.107634]  schedule_timeout+0x15d/0x370
[ 1005.137605]  ? _cond_resched+0x19/0x40
[ 1005.159381]  ? __next_timer_interrupt+0xe0/0xe0
[ 1005.159389]  rcu_gp_kthread+0x53a/0x980
[ 1005.188101]  ? kmem_cache_alloc_trace+0x9f/0x1d0
[ 1005.204046]  kthread+0x121/0x140
[ 1005.229673]  ? do_init_module+0x27/0x211
[ 1005.235404]  ? rcu_note_context_switch+0x150/0x150
[ 1005.240918]  do_init_module+0x5f/0x211
[ 1005.251820]  ? kthread_create_worker_on_cpu+0x70/0x70
[ 1005.263116]  load_module+0x1772/0x2000
[ 1005.271763]  ret_from_fork+0x35/0x40
[ 1005.283856]  ? ima_post_read_file+0x96/0xa0
[ 1006.490293]  SYSC_finit_module+0xfc/0x120
[ 1006.500670]  ? SYSC_finit_module+0xfc/0x120
[ 1006.515114]  SyS_finit_module+0xe/0x10
[ 1006.526522]  do_syscall_64+0x73/0x130
[ 1006.539353]  entry_SYSCALL_64_after_hwframe+0x41/0xa6
[ 1006.559054] RIP: 0033:0x7fdbcbfe4639
[ 1006.571585] RSP: 002b:00007fff9bbc7af8 EFLAGS: 00000246 ORIG_RAX: 0000000000000139
[ 1006.600151] RAX: ffffffffffffffda RBX: 000055f75f278880 RCX: 00007fdbcbfe4639
[ 1006.620146] RDX: 0000000000000000 RSI: 000055f75e6d5cee RDI: 0000000000000004
[ 1006.640031] RBP: 000055f75e6d5cee R08: 0000000000000000 R09: 000055f75f277e00
[ 1006.654744] R10: 0000000000000004 R11: 0000000000000246 R12: 0000000000000000
[ 1006.668549] R13: 000055f75f278830 R14: 0000000000060000 R15: 000055f75f277e00
[ 1006.683666] Code: 48 8b 08 0f 18 04 11 66 0f 64 ec 66 0f fc e4 66 0f db e8 66 0f ef e5 66 0f ef ed 66 0f ef d6 66 0f ef e6 48 8b 08 66 0f 6f 34 11 <48> 83 e8 08 49 39 c0 75 cc 66 0f 64 ec 66 0f fc e4 66 0f db e8 
[ 1006.722217] raid6: sse2x1   gen() 84861627 MB/s
[ 1006.788942] raid6: sse2x1   xor()  3890 MB/s
[ 1006.854493] raid6: sse2x2   gen()  3931 MB/s
[ 1006.968172] raid6: sse2x2   xor()   673 MB/s
[ 1007.743126] raid6: sse2x4   gen() 81640 MB/s
[ 1007.809202] raid6: sse2x4   xor()  3574 MB/s
[ 1007.822496] raid6: using algorithm sse2x1 gen() 84861627 MB/s
[ 1007.838453] raid6: .... xor() 3890 MB/s, rmw enabled
[ 1007.854430] raid6: using ssse3x2 recovery algorithm
[ 1007.877604] xor: measuring software checksum speed
[ 1010.779539]    prefetch64-sse: 1509568.000 MB/sec
[ 1011.788000]    generic_sse: 1355331.000 MB/sec
[ 1011.806183] xor: using function: prefetch64-sse (1509568.000 MB/sec)
[ 1011.831833] async_tx: api initialized (async)
done.
Begin: Running /scripts/init-premount ... done.
Begin: Mounting root file system ... Begin: Running /scripts/local-top ... done.
Begin: Running /scripts/local-premount ... [ 1012.059110] Btrfs loaded, crc32c=crc32c-intel
Scanning for Btrfs filesystems
done.
Warning: fsck not present, so skipping root file system
[ 1012.315323] EXT4-fs (sda1): INFO: recovery required on readonly filesystem
[ 1012.339893] EXT4-fs (sda1): write access will be enabled during recovery
[ 1012.983626] EXT4-fs (sda1): recovery complete
[ 1012.993445] EXT4-fs (sda1): mounted filesystem with ordered data mode. Opts: (null)
done.
Begin: Running /scripts/local-bottom ... done.
Begin: Running /scripts/init-bottom ... done.
[ 1013.576841] ip_tables: (C) 2000-2006 Netfilter Core Team
[ 1013.652686] systemd[1]: systemd 237 running in system mode. (+PAM +AUDIT +SELINUX +IMA +APPARMOR +SMACK +SYSVINIT +UTMP +LIBCRYPTSETUP +GCRYPT +GNUTLS +ACL +XZ +LZ4 +SECCOMP +BLKID +ELFUTILS +KMOD -IDN2 +IDN -PCRE2 default-hierarchy=hybrid)
[ 1013.699522] systemd[1]: Detected virtualization oracle.
[ 1013.712668] systemd[1]: Detected architecture x86-64.

Welcome to [1mUbuntu 18.04.5 LTS[0m!

[ 1013.840272] systemd[1]: Set hostname to <ubuntu-bionic>.
[ 1014.521422] random: crng init done
[ 1014.540933] random: 7 urandom warning(s) missed due to ratelimiting
[ 1015.424901] systemd[1]: Set up automount Arbitrary Executable File Formats File System Automount Point.
[[0;32m  OK  [0m] Set up automount Arbitrary Executab…rmats File System Automount Point.
[ 1015.481615] systemd[1]: Created slice User and Session Slice.
[[0;32m  OK  [0m] Created slice User and Session Slice.
[ 1015.554355] systemd[1]: Reached target User and Group Name Lookups.
[[0;32m  OK  [0m] Reached target User and Group Name Lookups.
[ 1015.584344] systemd[1]: Created slice System Slice.
[[0;32m  OK  [0m] Created slice System Slice.
[ 1015.612933] systemd[1]: Reached target Slices.
[[0;32m  OK  [0m] Reached target Slices.
[ 1015.644229] systemd[1]: Listening on udev Kernel Socket.
[[0;32m  OK  [0m] Listening on udev Kernel Socket.
[[0;32m  OK  [0m] Reached target Swap.
[[0;32m  OK  [0m] Created slice system-serial\x2dgetty.slice.
[[0;32m  OK  [0m] Reached target System Time Synchronized.
[[0;32m  OK  [0m] Listening on Journal Socket (/dev/log).
[[0;32m  OK  [0m] Started Forward Password Requests to Wall Directory Watch.
[[0;32m  OK  [0m] Listening on udev Control Socket.
[[0;32m  OK  [0m] Listening on Network Service Netlink Socket.
[[0;32m  OK  [0m] Listening on Device-mapper event daemon FIFOs.
[[0;32m  OK  [0m] Listening on LVM2 poll daemon socket.
[[0;32m  OK  [0m] Listening on LVM2 metadata daemon socket.
[[0;32m  OK  [0m] Listening on Journal Audit Socket.
[[0;32m  OK  [0m] Listening on fsck to fsckd communication Socket.
[[0;32m  OK  [0m] Listening on Syslog Socket.
[[0;32m  OK  [0m] Listening on Journal Socket.
         Mounting POSIX Message Queue File System...
         Starting Journal Service...
         Starting Uncomplicated firewall...
         Starting Load Kernel Modules...
         Starting Create list of required st…ce nodes for the current kernel...
         Mounting Huge Pages File System...
         Mounting Kernel Debug File System...
         Starting Monitoring of LVM2 mirrors…ng dmeventd or progress polling...
         Starting File System Check on Root Device...
         Starting Set the console keyboard layout...
[ 1016.147214] Loading iSCSI transport class v2.0-870.
         Starting udev Coldplug all Devices...
[[0;32m  OK  [0m] Listening on /dev/initctl Compatibility Named Pipe.
[[0;32m  OK  [0m] Mounted POSIX Message Queue File System.
[[0;32m  OK  [0m] Started Uncomplicated firewall.
[[0;32m  OK  [0m] Started Create list of required sta…vice nodes for the current kernel.
[[0;32m  OK  [0m] Mounted Huge Pages File System.
         Starting Create Static Device Nodes in /dev...
[[0;32m  OK  [0m] Mounted Kernel Debug File System.
[[0;32m  OK  [0m] Started File System Check Daemon to report status.
[[0;32m  OK  [0m] Started Journal Service.
[ 1016.381386] iscsi: registered transport (tcp)
[[0;32m  OK  [0m] Started Create Static Device Nodes in /dev.
[[0;32m  OK  [0m] Started File System Check on Root Device.
         Starting Remount Root and Kernel File Systems...
[[0;32m  OK  [0m] Started udev Coldplug all Devices.
[ 1016.641785] EXT4-fs (sda1): re-mounted. Opts: (null)
[[0;32m  OK  [0m] Started Remount Root and Kernel File Systems.
         Starting Load/Save Random Seed...
         Starting Flush Journal to Persistent Storage...
         Starting udev Kernel Device Manager...
[[0;32m  OK  [0m[ 1016.861752] iscsi: registered transport (iser)
] Started LVM2 metadata daemon.
[ 1016.889084] systemd-journald[395]: Received request to flush runtime journal from PID 1
[[0;32m  OK  [0m] Started Load/Save Random Seed.
[[0;32m  OK  [0m] Started Load Kernel Modules.
         Starting Apply Kernel Variables...
         Mounting FUSE Control File System...
         Mounting Kernel Configuration File System...
[[0;32m  OK  [0m] Mounted FUSE Control File System.
[[0;32m  OK  [0m] Mounted Kernel Configuration File System.
[[0;32m  OK  [0m] Started Set the [ 1017.193083] systemd-journald[395]: File /var/log/journal/69c89e5adcfa488dab5bb33823bb8a1e/system.journal corrupted or uncleanly shut down, renaming and replacing.
console keyboard layout.
[[0;32m  OK  [0m] Started Apply Kernel Variables.
[[0;32m  OK  [0m] Started udev Kernel Device Manager.
[[0;32m  OK  [0m] Started Monitoring of LVM2 mirrors,…sing dmeventd or progress polling.
[[0;32m  OK  [0m] Reached target Local File Systems (Pre).
[[0;32m  OK  [0m] Reached target Local File Systems.
         Starting ebtables ruleset management...
         Starting Tell Plymouth To Write Out Runtime Data...
         Starting Set console font and keymap...
         Starting AppArmor initialization...
[[0;32m  OK  [0m] Started Dispatch Password Requests to Console Directory Watch.
[[0;32m  OK  [0m] Reached target Local Encrypted Volumes.
[[0;32m  OK  [0m] Started Flush Journal to Persistent Storage.
         Starting Create Volatile Files and Directories...
[[0;32m  OK  [0m] Started Tell Plymouth To Write Out Runtime Data.
[[0;32m  OK  [0m] Started Set console font and keymap.
[[0;32m  OK  [0m] Started Create Volatile Files and Directories.
         Starting Update UTMP about System Boot/Shutdown...
[[0;32m  OK  [0m] Started Update UTMP about System Boot/Shutdown.
[[0;32m  OK  [0m] Started ebtables ruleset management.
[[0;32m  OK  [0m] Started AppArmor initialization.
         Starting Load AppArmor profiles managed internally by snapd...
         Starting Initial cloud-init job (pre-networking)...
[[0;32m  OK  [0m] Started Load AppArmor profiles managed internally by snapd.
[[0;32m  OK  [0m] Found device /dev/ttyS0.
[[0;32m  OK  [0m] Listening on Load/Save RF Kill Switch Status /dev/rfkill Watch.
[ 1024.239624] cloud-init[515]: Cloud-init v. 21.2-3-g899bfaa9-0ubuntu2~18.04.1 running 'init-local' at Sat, 14 Aug 2021 05:31:44 +0000. Up 1023.69 seconds.
[[0;32m  OK  [0m] Started Initial cloud-init job (pre-networking).
[[0;32m  OK  [0m] Reached target Network (Pre).
         Starting Network Service...
[[0;32m  OK  [0m] Started Network Service.
         Starting Network Name Resolution...
         Starting Wait for Network to be Configured...
[[0;32m  OK  [0m] Started Network Name Resolution.
[[0;32m  OK  [0m] Reached target Host and Network Name Lookups.
[[0;32m  OK  [0m] Reached target Network.
[[0;32m  OK  [0m] Started Wait for Network to be Configured.
         Starting Initial cloud-init job (metadata service crawler)...
[ 1028.207687] cloud-init[643]: Cloud-init v. 21.2-3-g899bfaa9-0ubuntu2~18.04.1 running 'init' at Sat, 14 Aug 2021 05:31:48 +0000. Up 1027.70 seconds.
[ 1028.225284] cloud-init[643]: ci-info: +++++++++++++++++++++++++++++++++++++Net device info++++++++++++++++++++++++++++++++++++++
[ 1028.238070] cloud-init[643]: ci-info: +--------+------+---------------------------+---------------+--------+-------------------+
[ 1028.253999] cloud-init[643]: ci-info: | Device |  Up  |          Address          |      Mask     | Scope  |     Hw-Address    |
[ 1028.268607] cloud-init[643]: ci-info: +--------+------+---------------------------+---------------+--------+-------------------+
[ 1028.285813] cloud-init[643]: ci-info: | enp0s3 | True |         10.0.2.15         | 255.255.255.0 | global | 02:bb:09:5e:a9:26 |
[ 1028.308945] cloud-init[643]: ci-info: | enp0s3 | True | fe80::bb:9ff:fe5e:a926/64 |       .       |  link  | 02:bb:09:5e:a9:26 |
[ 1028.330073] cloud-init[643]: ci-info: |   lo   | True |         127.0.0.1         |   255.0.0.0   |  host  |         .         |
[ 1028.351230] cloud-init[643]: ci-info: |   lo   | True |          ::1/128          |       .       |  host  |         .         |
[ 1028.375263] cloud-init[643]: ci-info: +--------+------+---------------------------+---------------+--------+-------------------+
[ 1028.397213] cloud-init[643]: ci-info: ++++++++++++++++++++++++++++Route IPv4 info+++++++++++++++++++++++++++++
[ 1028.419011] cloud-init[643]: ci-info: +-------+-------------+----------+-----------------+-----------+-------+
[ 1028.440738] cloud-init[643]: ci-info: | Route | Destination | Gateway  |     Genmask     | Interface | Flags |
[ 1028.461534] cloud-init[643]: ci-info: +-------+-------------+----------+-----------------+-----------+-------+
[ 1028.481444] cloud-init[643]: ci-info: |   0   |   0.0.0.0   | 10.0.2.2 |     0.0.0.0     |   enp0s3  |   UG  |
[ 1028.499694] cloud-init[643]: ci-info: |   1   |   10.0.2.0  | 0.0.0.0  |  255.255.255.0  |   enp0s3  |   U   |
[ 1028.520162] cloud-init[643]: ci-info: |   2   |   10.0.2.2  | 0.0.0.0  | 255.255.255.255 |   enp0s3  |   UH  |
[ 1028.541167] cloud-init[643]: ci-info: +-------+-------------+----------+-----------------+-----------+-------+
[ 1028.570691] cloud-init[643]: ci-info: +++++++++++++++++++Route IPv6 info+++++++++++++++++++
[ 1028.590560] cloud-init[643]: ci-info: +-------+-------------+---------+-----------+-------+
[ 1028.614576] cloud-init[643]: ci-info: | Route | Destination | Gateway | Interface | Flags |
[ 1028.635202] cloud-init[643]: ci-info: +-------+-------------+---------+-----------+-------+
[ 1028.657450] cloud-init[643]: ci-info: |   1   |  fe80::/64  |    ::   |   enp0s3  |   U   |
[ 1028.687909] cloud-init[643]: ci-info: |   3   |    local    |    ::   |   enp0s3  |   U   |
[ 1028.707260] cloud-init[643]: ci-info: |   4   |   ff00::/8  |    ::   |   enp0s3  |   U   |
[ 1028.726970] cloud-init[643]: ci-info: +-------+-------------+---------+-----------+-------+
[[0;32m  OK  [0m] Started Initial cloud-init job (metadata service crawler).
[[0;32m  OK  [0m] Reached target System Initialization.
[[0;32m  OK  [0m] Listening on ACPID Listen Socket.
         Starting LXD - unix socket.
[[0;32m  OK  [0m] Started Ubuntu Advantage update messaging.
[[0;32m  OK  [0m] Started Daily Cleanup of Temporary Directories.
[[0;32m  OK  [0m] Started Daily apt download activities.
[[0;32m  OK  [0m] Listening on D-Bus System Message Bus Socket.
         Starting Socket activation for snappy daemon.
[[0;32m  OK  [0m] Listening on UUID daemon activation socket.
[[0;32m  OK  [0m] Listening on Open-iSCSI iscsid Socket.
[[0;32m  OK  [0m] Started Message of the Day.
[[0;32m  OK  [0m] Started ACPI Events Check.
[[0;32m  OK  [0m] Reached target Paths.
[[0;32m  OK  [0m] Started Discard unused blocks once a week.
[[0;32m  OK  [0m] Started Daily apt upgrade and clean activities.
[[0;32m  OK  [0m] Reached target Timers.
[[0;32m  OK  [0m] Reached target Cloud-config availability.
[[0;32m  OK  [0m] Reached target Network is Online.
         Starting Availability of block devices...
[[0;32m  OK  [0m] Reached target Remote File Systems (Pre).
[[0;32m  OK  [0m] Reached target Remote File Systems.
[[0;32m  OK  [0m] Listening on LXD - unix socket.
[[0;32m  OK  [0m] Listening on Socket activation for snappy daemon.
[[0;32m  OK  [0m] Started Availability of block devices.
         Starting Cleanup of Temporary Directories...
[[0;32m  OK  [0m] Reached target Sockets.
[[0;32m  OK  [0m] Reached target Basic System.
[[0;32m  OK  [0m] Started irqbalance daemon.
         Starting LSB: Record successful boot for GRUB...
[[0;32m  OK  [0m] Started D-Bus System Message Bus.
         Starting LXD - container startup/shutdown...
         Starting Permit User Sessions...
[[0;32m  OK  [0m] Started Regular background program processing daemon.
         Starting Login Service...
[[0;32m  OK  [0m] Started FUSE filesystem for LXC.
         Starting Snap Daemon...
         Starting OpenBSD Secure Shell server...
[[0;32m  OK  [0m] Started Deferred execution scheduler.
         Starting LSB: automatic crash report generation...
         Starting Virtualbox guest utils...
         Starting Dispatcher daemon for systemd-networkd...
         Starting Accounts Service...
         Starting System Logging Service...
[[0;32m  OK  [0m] Started Cleanup of Temporary Directories.
[[0;32m  OK  [0m] Started Permit User Sessions.
         Starting Terminate Plymouth Boot Screen...
         Starting Hold until boot process finishes up...
[[0;32m  OK  [0m] Started Terminate Plymouth Boot Screen.
[[0;32m  OK  [0m] Started Hold until boot process finishes up.
[[0;32m  OK  [0m] Started Login Service.
[[0;32m  OK  [0m] Started Unattended Upgrades Shutdown.
[[0;32m  OK  [0m] Started Serial Getty on ttyS0.
         Starting Set console scheme...
[[0;32m  OK  [0m] Started System Logging Service.
[[0;32m  OK  [0m] Started OpenBSD Secure Shell server.
[[0;32m  OK  [0m] Started LSB: automatic crash report generation.
[[0;32m  OK  [0m] Started Set console scheme.
[[0;32m  OK  [0m] Created slice system-getty.slice.
[[0;32m  OK  [0m] Started Getty on tty1.
[[0;32m  OK  [0m] Reached target Login Prompts.
         Starting Authorization Manager...
[[0;32m  OK  [0m] Started LSB: Record successful boot for GRUB.
[[0;32m  OK  [0m] Started Authorization Manager.
[[0;32m  OK  [0m] Started LXD - container startup/shutdown.
[[0;32m  OK  [0m] Started Accounts Service.
[[0;32m  OK  [0m] Started Virtualbox guest utils.
[[0;32m  OK  [0m] Started Dispatcher daemon for systemd-networkd.
[[0;32m  OK  [0m] Started Snap Daemon.
         Starting Wait until snapd is fully seeded...
[[0;32m  OK  [0m] Started Wait until snapd is fully seeded.
         Starting Apply the settings specified in cloud-config...
[[0;32m  OK  [0m] Reached target Multi-User System.
[[0;32m  OK  [0m] Reached target Graphical Interface.
         Starting Update UTMP about System Runlevel Changes...
[[0;32m  OK  [0m] Started Update UTMP about System Runlevel Changes.
[ 1035.272207] cloud-init[907]: Cloud-init v. 21.2-3-g899bfaa9-0ubuntu2~18.04.1 running 'modules:config' at Sat, 14 Aug 2021 05:31:56 +0000. Up 1034.95 seconds.
[[0;32m  OK  [0m] Started Apply the settings specified in cloud-config.
         Starting Execute cloud user/final scripts...
[ 1036.994432] cloud-init[948]: Cloud-init v. 21.2-3-g899bfaa9-0ubuntu2~18.04.1 running 'modules:final' at Sat, 14 Aug 2021 05:31:57 +0000. Up 1036.66 seconds.
[ 1036.994732] cloud-init[948]: Cloud-init v. 21.2-3-g899bfaa9-0ubuntu2~18.04.1 finished at Sat, 14 Aug 2021 05:31:58 +0000. Datasource DataSourceNoCloud [seed=/dev/sdb][dsmode=net].  Up 1036.97 seconds

Ubuntu 18.04.5 LTS ubuntu-bionic ttyS0

ubuntu-bionic login: 